2025-02-17 14:49:04,306:INFO:This is a test log message
2025-02-17 14:49:20,032:INFO:This is a test log message
2025-02-17 15:18:31,144:INFO:entered the data ingestion method or component
2025-02-17 15:18:31,152:INFO:data read successfully
2025-02-17 15:18:31,154:ERROR:error occured while ingesting the data
2025-02-17 15:20:22,581:INFO:Entered the data ingestion method or component
2025-02-17 15:20:22,587:INFO:Data read successfully
2025-02-17 15:20:22,600:INFO:Raw data saved successfully
2025-02-17 15:20:22,606:INFO:Train-test split done successfully
2025-02-17 15:20:22,611:INFO:Train data saved successfully
2025-02-17 15:20:22,613:INFO:Test data saved successfully
2025-02-17 19:01:10,269:ERROR:Error occurred while transforming the data.
2025-02-17 19:02:00,338:ERROR:Error occurred while transforming the data.
2025-02-17 19:02:00,339:INFO:Entered the data ingestion method or component
2025-02-17 19:02:00,365:INFO:Data read successfully
2025-02-17 19:02:00,375:INFO:Raw data saved successfully
2025-02-17 19:02:00,383:INFO:Train-test split done successfully
2025-02-17 19:02:00,386:INFO:Train data saved successfully
2025-02-17 19:02:00,389:INFO:Test data saved successfully
2025-02-17 19:02:00,423:INFO:Data loaded successfully.
2025-02-17 19:02:00,423:INFO:Numerical columns transformation completed.
2025-02-17 19:02:00,423:INFO:Categorical columns encoding completed.
2025-02-17 19:03:41,853:INFO:Entered the data ingestion method or component
2025-02-17 19:03:41,859:INFO:Data read successfully
2025-02-17 19:03:41,866:INFO:Raw data saved successfully
2025-02-17 19:03:41,870:INFO:Train-test split done successfully
2025-02-17 19:03:41,874:INFO:Train data saved successfully
2025-02-17 19:03:41,877:INFO:Test data saved successfully
2025-02-17 19:03:41,910:INFO:Data loaded successfully.
2025-02-17 19:03:41,910:INFO:Numerical columns transformation completed.
2025-02-17 19:03:41,911:INFO:Categorical columns encoding completed.
2025-02-17 19:03:41,911:ERROR:Error occurred during data transformation: "['math score'] not found in axis"
2025-02-17 19:05:04,312:INFO:Entered the data ingestion method or component
2025-02-17 19:05:04,318:INFO:Data read successfully
2025-02-17 19:05:04,325:INFO:Raw data saved successfully
2025-02-17 19:05:04,328:INFO:Train-test split done successfully
2025-02-17 19:05:04,333:INFO:Train data saved successfully
2025-02-17 19:05:04,335:INFO:Test data saved successfully
2025-02-17 19:05:04,368:INFO:Data loaded successfully.
2025-02-17 19:05:04,368:INFO:Numerical columns transformation completed.
2025-02-17 19:05:04,368:INFO:Categorical columns encoding completed.
2025-02-17 19:05:04,369:ERROR:Error occurred during data transformation: "['math score'] not found in axis"
2025-02-17 19:05:24,694:INFO:Entered the data ingestion method or component
2025-02-17 19:05:24,701:INFO:Data read successfully
2025-02-17 19:05:24,708:INFO:Raw data saved successfully
2025-02-17 19:05:24,710:INFO:Train-test split done successfully
2025-02-17 19:05:24,714:INFO:Train data saved successfully
2025-02-17 19:05:24,716:INFO:Test data saved successfully
2025-02-17 19:05:24,748:INFO:Data loaded successfully.
2025-02-17 19:05:24,748:INFO:Numerical columns transformation completed.
2025-02-17 19:05:24,748:INFO:Categorical columns encoding completed.
2025-02-17 19:05:24,781:ERROR:Error occurred during data transformation: A given column is not a column of the dataframe
2025-02-17 19:06:56,541:INFO:Entered the data ingestion method or component
2025-02-17 19:06:56,547:INFO:Data read successfully
2025-02-17 19:06:56,553:INFO:Raw data saved successfully
2025-02-17 19:06:56,555:INFO:Train-test split done successfully
2025-02-17 19:06:56,559:INFO:Train data saved successfully
2025-02-17 19:06:56,562:INFO:Test data saved successfully
2025-02-17 19:06:56,594:INFO:Data loaded successfully.
2025-02-17 19:06:56,595:INFO:Numerical columns transformation completed.
2025-02-17 19:06:56,595:INFO:Categorical columns encoding completed.
2025-02-17 19:06:56,597:ERROR:Error occurred during data transformation: A given column is not a column of the dataframe
2025-02-17 19:08:23,201:INFO:Entered the data ingestion method or component
2025-02-17 19:08:23,235:INFO:Data read successfully
2025-02-17 19:08:23,243:INFO:Raw data saved successfully
2025-02-17 19:08:23,246:INFO:Train-test split done successfully
2025-02-17 19:08:23,251:INFO:Train data saved successfully
2025-02-17 19:08:23,253:INFO:Test data saved successfully
2025-02-17 19:08:23,293:INFO:Data loaded successfully.
2025-02-17 19:08:23,293:INFO:Numerical columns transformation completed.
2025-02-17 19:08:23,293:INFO:Categorical columns encoding completed.
2025-02-17 19:08:23,296:ERROR:Error occurred during data transformation: A given column is not a column of the dataframe
2025-02-17 19:11:15,511:INFO:Entered the data ingestion method or component
2025-02-17 19:11:15,518:INFO:Data read successfully
2025-02-17 19:11:15,524:INFO:Raw data saved successfully
2025-02-17 19:11:15,527:INFO:Train-test split done successfully
2025-02-17 19:11:15,531:INFO:Train data saved successfully
2025-02-17 19:11:15,533:INFO:Test data saved successfully
2025-02-17 19:11:15,565:INFO:Data loaded successfully.
2025-02-17 19:11:15,565:INFO:Train Columns: ['gender', 'race_ethnicity', 'parental_level_of_education', 'lunch', 'test_preparation_course', 'math_score', 'reading_score', 'writing_score']
2025-02-17 19:11:15,565:INFO:Test Columns: ['gender', 'race_ethnicity', 'parental_level_of_education', 'lunch', 'test_preparation_course', 'math_score', 'reading_score', 'writing_score']
2025-02-17 19:11:15,567:INFO:Numerical columns transformation completed.
2025-02-17 19:11:15,567:INFO:Categorical columns encoding completed.
2025-02-17 19:11:15,621:INFO:Data transformation completed successfully.
2025-02-18 01:34:39,102:INFO:Entered the data ingestion method or component
2025-02-18 01:34:39,105:ERROR:Error occurred while ingesting the data
2025-02-18 01:34:43,708:INFO:Entered the data ingestion method or component
2025-02-18 01:34:43,710:ERROR:Error occurred while ingesting the data
2025-02-18 01:34:48,266:INFO:Entered the data ingestion method or component
2025-02-18 01:34:48,268:ERROR:Error occurred while ingesting the data
2025-02-18 01:34:52,628:INFO:Entered the data ingestion method or component
2025-02-18 01:34:52,630:ERROR:Error occurred while ingesting the data
2025-02-18 01:35:24,034:INFO:Entered the data ingestion method or component
2025-02-18 01:35:24,075:INFO:Data read successfully
2025-02-18 01:35:24,084:INFO:Raw data saved successfully
2025-02-18 01:35:24,091:INFO:Train-test split done successfully
2025-02-18 01:35:24,096:INFO:Train data saved successfully
2025-02-18 01:35:24,099:INFO:Test data saved successfully
2025-02-18 01:35:24,135:INFO:Data loaded successfully.
2025-02-18 01:35:24,135:INFO:Train Columns: ['gender', 'race_ethnicity', 'parental_level_of_education', 'lunch', 'test_preparation_course', 'math_score', 'reading_score', 'writing_score']
2025-02-18 01:35:24,135:INFO:Test Columns: ['gender', 'race_ethnicity', 'parental_level_of_education', 'lunch', 'test_preparation_course', 'math_score', 'reading_score', 'writing_score']
2025-02-18 01:35:24,144:INFO:Numerical columns transformation completed.
2025-02-18 01:35:24,144:INFO:Categorical columns encoding completed.
2025-02-18 01:35:24,175:INFO:Data transformation completed successfully.
2025-02-18 01:35:24,176:INFO:splitting the data into features and target
2025-02-18 01:35:29,358:ERROR:error in model training 'r2_score'
2025-02-18 01:38:35,736:INFO:Entered the data ingestion method or component
2025-02-18 01:38:35,743:INFO:Data read successfully
2025-02-18 01:38:35,750:INFO:Raw data saved successfully
2025-02-18 01:38:35,753:INFO:Train-test split done successfully
2025-02-18 01:38:35,756:INFO:Train data saved successfully
2025-02-18 01:38:35,759:INFO:Test data saved successfully
2025-02-18 01:38:35,803:INFO:Data loaded successfully.
2025-02-18 01:38:35,803:INFO:Train Columns: ['gender', 'race_ethnicity', 'parental_level_of_education', 'lunch', 'test_preparation_course', 'math_score', 'reading_score', 'writing_score']
2025-02-18 01:38:35,804:INFO:Test Columns: ['gender', 'race_ethnicity', 'parental_level_of_education', 'lunch', 'test_preparation_course', 'math_score', 'reading_score', 'writing_score']
2025-02-18 01:38:35,806:INFO:Numerical columns transformation completed.
2025-02-18 01:38:35,806:INFO:Categorical columns encoding completed.
2025-02-18 01:38:35,836:INFO:Data transformation completed successfully.
2025-02-18 01:38:35,837:INFO:splitting the data into features and target
2025-02-18 01:38:40,748:ERROR:error in model training string indices must be integers, not 'str'
2025-02-18 01:39:09,562:INFO:Entered the data ingestion method or component
2025-02-18 01:39:09,593:INFO:Data read successfully
2025-02-18 01:39:09,600:INFO:Raw data saved successfully
2025-02-18 01:39:09,603:INFO:Train-test split done successfully
2025-02-18 01:39:09,610:INFO:Train data saved successfully
2025-02-18 01:39:09,614:INFO:Test data saved successfully
2025-02-18 01:39:09,673:INFO:Data loaded successfully.
2025-02-18 01:39:09,673:INFO:Train Columns: ['gender', 'race_ethnicity', 'parental_level_of_education', 'lunch', 'test_preparation_course', 'math_score', 'reading_score', 'writing_score']
2025-02-18 01:39:09,674:INFO:Test Columns: ['gender', 'race_ethnicity', 'parental_level_of_education', 'lunch', 'test_preparation_course', 'math_score', 'reading_score', 'writing_score']
2025-02-18 01:39:09,681:INFO:Numerical columns transformation completed.
2025-02-18 01:39:09,681:INFO:Categorical columns encoding completed.
2025-02-18 01:39:09,742:INFO:Data transformation completed successfully.
2025-02-18 01:39:09,743:INFO:splitting the data into features and target
2025-02-18 01:39:14,478:ERROR:error in model training string indices must be integers, not 'str'
2025-02-18 01:41:12,782:INFO:Entered the data ingestion method or component
2025-02-18 01:41:12,812:INFO:Data read successfully
2025-02-18 01:41:12,821:INFO:Raw data saved successfully
2025-02-18 01:41:12,823:INFO:Train-test split done successfully
2025-02-18 01:41:12,829:INFO:Train data saved successfully
2025-02-18 01:41:12,831:INFO:Test data saved successfully
2025-02-18 01:41:12,870:INFO:Data loaded successfully.
2025-02-18 01:41:12,870:INFO:Train Columns: ['gender', 'race_ethnicity', 'parental_level_of_education', 'lunch', 'test_preparation_course', 'math_score', 'reading_score', 'writing_score']
2025-02-18 01:41:12,870:INFO:Test Columns: ['gender', 'race_ethnicity', 'parental_level_of_education', 'lunch', 'test_preparation_course', 'math_score', 'reading_score', 'writing_score']
2025-02-18 01:41:12,872:INFO:Numerical columns transformation completed.
2025-02-18 01:41:12,872:INFO:Categorical columns encoding completed.
2025-02-18 01:41:12,898:INFO:Data transformation completed successfully.
2025-02-18 01:41:12,898:INFO:Splitting the data into features and target
2025-02-18 01:41:16,831:INFO:Best model found: LinearRegression
2025-02-18 01:41:16,831:ERROR:Error in model training: save_object() got an unexpected keyword argument 'object_name'
2025-02-18 01:41:28,365:INFO:Entered the data ingestion method or component
2025-02-18 01:41:28,390:INFO:Data read successfully
2025-02-18 01:41:28,397:INFO:Raw data saved successfully
2025-02-18 01:41:28,400:INFO:Train-test split done successfully
2025-02-18 01:41:28,404:INFO:Train data saved successfully
2025-02-18 01:41:28,407:INFO:Test data saved successfully
2025-02-18 01:41:28,472:INFO:Data loaded successfully.
2025-02-18 01:41:28,472:INFO:Train Columns: ['gender', 'race_ethnicity', 'parental_level_of_education', 'lunch', 'test_preparation_course', 'math_score', 'reading_score', 'writing_score']
2025-02-18 01:41:28,473:INFO:Test Columns: ['gender', 'race_ethnicity', 'parental_level_of_education', 'lunch', 'test_preparation_course', 'math_score', 'reading_score', 'writing_score']
2025-02-18 01:41:28,474:INFO:Numerical columns transformation completed.
2025-02-18 01:41:28,474:INFO:Categorical columns encoding completed.
2025-02-18 01:41:28,500:INFO:Data transformation completed successfully.
2025-02-18 01:41:28,500:INFO:Splitting the data into features and target
2025-02-18 01:41:32,320:INFO:Best model found: LinearRegression
2025-02-18 01:41:32,321:ERROR:Error in model training: save_object() got an unexpected keyword argument 'object_name'
2025-02-18 01:42:44,627:INFO:Entered the data ingestion method or component
2025-02-18 01:42:44,661:INFO:Data read successfully
2025-02-18 01:42:44,671:INFO:Raw data saved successfully
2025-02-18 01:42:44,673:INFO:Train-test split done successfully
2025-02-18 01:42:44,677:INFO:Train data saved successfully
2025-02-18 01:42:44,679:INFO:Test data saved successfully
2025-02-18 01:42:44,713:INFO:Data loaded successfully.
2025-02-18 01:42:44,713:INFO:Train Columns: ['gender', 'race_ethnicity', 'parental_level_of_education', 'lunch', 'test_preparation_course', 'math_score', 'reading_score', 'writing_score']
2025-02-18 01:42:44,713:INFO:Test Columns: ['gender', 'race_ethnicity', 'parental_level_of_education', 'lunch', 'test_preparation_course', 'math_score', 'reading_score', 'writing_score']
2025-02-18 01:42:44,715:INFO:Numerical columns transformation completed.
2025-02-18 01:42:44,715:INFO:Categorical columns encoding completed.
2025-02-18 01:42:44,740:INFO:Data transformation completed successfully.
2025-02-18 01:42:44,741:INFO:Splitting the data into features and target
2025-02-18 01:42:48,532:INFO:Best model found: LinearRegression
2025-02-18 20:41:50,598:INFO:Entered the data ingestion method or component
2025-02-18 20:41:50,621:INFO:Data read successfully
2025-02-18 20:41:50,629:INFO:Raw data saved successfully
2025-02-18 20:41:50,633:INFO:Train-test split done successfully
2025-02-18 20:41:50,638:INFO:Train data saved successfully
2025-02-18 20:41:50,641:INFO:Test data saved successfully
2025-02-18 20:41:50,676:INFO:Data loaded successfully.
2025-02-18 20:41:50,676:INFO:Train Columns: ['gender', 'race_ethnicity', 'parental_level_of_education', 'lunch', 'test_preparation_course', 'math_score', 'reading_score', 'writing_score']
2025-02-18 20:41:50,676:INFO:Test Columns: ['gender', 'race_ethnicity', 'parental_level_of_education', 'lunch', 'test_preparation_course', 'math_score', 'reading_score', 'writing_score']
2025-02-18 20:41:50,680:INFO:Numerical columns transformation completed.
2025-02-18 20:41:50,680:INFO:Categorical columns encoding completed.
2025-02-18 20:41:50,721:INFO:Data transformation completed successfully.
2025-02-18 20:41:50,721:INFO:Splitting the data into features and target
2025-02-18 20:42:04,657:ERROR:Error in model training: Error occurred in script: c:\users\garv khurana\onedrive\desktop\end_to_end 2\src\utils.py at line 30 - A task has failed to un-serialize. Please ensure that the arguments of the function are all picklable.
2025-02-18 20:42:10,212:INFO:Entered the data ingestion method or component
2025-02-18 20:42:10,232:INFO:Data read successfully
2025-02-18 20:42:10,241:INFO:Raw data saved successfully
2025-02-18 20:42:10,244:INFO:Train-test split done successfully
2025-02-18 20:42:10,249:INFO:Train data saved successfully
2025-02-18 20:42:10,251:INFO:Test data saved successfully
2025-02-18 20:42:10,282:INFO:Data loaded successfully.
2025-02-18 20:42:10,282:INFO:Train Columns: ['gender', 'race_ethnicity', 'parental_level_of_education', 'lunch', 'test_preparation_course', 'math_score', 'reading_score', 'writing_score']
2025-02-18 20:42:10,282:INFO:Test Columns: ['gender', 'race_ethnicity', 'parental_level_of_education', 'lunch', 'test_preparation_course', 'math_score', 'reading_score', 'writing_score']
2025-02-18 20:42:10,284:INFO:Numerical columns transformation completed.
2025-02-18 20:42:10,284:INFO:Categorical columns encoding completed.
2025-02-18 20:42:10,322:INFO:Data transformation completed successfully.
2025-02-18 20:42:10,322:INFO:Splitting the data into features and target
2025-02-18 20:45:14,086:INFO:Entered the data ingestion method or component
2025-02-18 20:45:14,106:INFO:Data read successfully
2025-02-18 20:45:14,113:INFO:Raw data saved successfully
2025-02-18 20:45:14,120:INFO:Train-test split done successfully
2025-02-18 20:45:14,125:INFO:Train data saved successfully
2025-02-18 20:45:14,128:INFO:Test data saved successfully
2025-02-18 20:45:14,156:INFO:Data loaded successfully.
2025-02-18 20:45:14,157:INFO:Train Columns: ['gender', 'race_ethnicity', 'parental_level_of_education', 'lunch', 'test_preparation_course', 'math_score', 'reading_score', 'writing_score']
2025-02-18 20:45:14,157:INFO:Test Columns: ['gender', 'race_ethnicity', 'parental_level_of_education', 'lunch', 'test_preparation_course', 'math_score', 'reading_score', 'writing_score']
2025-02-18 20:45:14,161:INFO:Numerical columns transformation completed.
2025-02-18 20:45:14,161:INFO:Categorical columns encoding completed.
2025-02-18 20:45:14,197:INFO:Data transformation completed successfully.
2025-02-18 20:45:14,197:INFO:Splitting the data into features and target
2025-02-18 20:48:49,799:INFO:Entered the data ingestion method or component
2025-02-18 20:48:49,819:INFO:Data read successfully
2025-02-18 20:48:49,827:INFO:Raw data saved successfully
2025-02-18 20:48:49,830:INFO:Train-test split done successfully
2025-02-18 20:48:49,834:INFO:Train data saved successfully
2025-02-18 20:48:49,837:INFO:Test data saved successfully
2025-02-18 20:48:49,868:INFO:Data loaded successfully.
2025-02-18 20:48:49,868:INFO:Train Columns: ['gender', 'race_ethnicity', 'parental_level_of_education', 'lunch', 'test_preparation_course', 'math_score', 'reading_score', 'writing_score']
2025-02-18 20:48:49,868:INFO:Test Columns: ['gender', 'race_ethnicity', 'parental_level_of_education', 'lunch', 'test_preparation_course', 'math_score', 'reading_score', 'writing_score']
2025-02-18 20:48:49,870:INFO:Numerical columns transformation completed.
2025-02-18 20:48:49,870:INFO:Categorical columns encoding completed.
2025-02-18 20:48:49,907:INFO:Data transformation completed successfully.
2025-02-18 20:48:49,907:INFO:Splitting the data into features and target
2025-02-18 20:50:26,776:INFO:Entered the data ingestion method or component
2025-02-18 20:50:26,802:INFO:Data read successfully
2025-02-18 20:50:26,812:INFO:Raw data saved successfully
2025-02-18 20:50:26,815:INFO:Train-test split done successfully
2025-02-18 20:50:26,823:INFO:Train data saved successfully
2025-02-18 20:50:26,826:INFO:Test data saved successfully
2025-02-18 20:50:26,874:INFO:Data loaded successfully.
2025-02-18 20:50:26,874:INFO:Train Columns: ['gender', 'race_ethnicity', 'parental_level_of_education', 'lunch', 'test_preparation_course', 'math_score', 'reading_score', 'writing_score']
2025-02-18 20:50:26,874:INFO:Test Columns: ['gender', 'race_ethnicity', 'parental_level_of_education', 'lunch', 'test_preparation_course', 'math_score', 'reading_score', 'writing_score']
2025-02-18 20:50:26,877:INFO:Numerical columns transformation completed.
2025-02-18 20:50:26,877:INFO:Categorical columns encoding completed.
2025-02-18 20:50:26,963:INFO:Data transformation completed successfully.
2025-02-18 20:50:26,964:INFO:Splitting the data into features and target
2025-02-18 20:54:45,512:INFO:Entered the data ingestion method or component
2025-02-18 20:54:45,570:INFO:Data read successfully
2025-02-18 20:54:45,584:INFO:Raw data saved successfully
2025-02-18 20:54:45,587:INFO:Train-test split done successfully
2025-02-18 20:54:45,595:INFO:Train data saved successfully
2025-02-18 20:54:45,600:INFO:Test data saved successfully
2025-02-18 20:54:45,650:INFO:Data loaded successfully.
2025-02-18 20:54:45,650:INFO:Train Columns: ['gender', 'race_ethnicity', 'parental_level_of_education', 'lunch', 'test_preparation_course', 'math_score', 'reading_score', 'writing_score']
2025-02-18 20:54:45,650:INFO:Test Columns: ['gender', 'race_ethnicity', 'parental_level_of_education', 'lunch', 'test_preparation_course', 'math_score', 'reading_score', 'writing_score']
2025-02-18 20:54:45,653:INFO:Numerical columns transformation completed.
2025-02-18 20:54:45,653:INFO:Categorical columns encoding completed.
2025-02-18 20:54:45,692:INFO:Data transformation completed successfully.
2025-02-18 20:54:45,692:INFO:Splitting the data into features and target
2025-02-18 21:05:00,055:INFO:Entered the data ingestion method or component
2025-02-18 21:05:00,071:INFO:Data read successfully
2025-02-18 21:05:00,079:INFO:Raw data saved successfully
2025-02-18 21:05:00,087:INFO:Train-test split done successfully
2025-02-18 21:05:00,087:INFO:Train data saved successfully
2025-02-18 21:05:00,087:INFO:Test data saved successfully
2025-02-18 21:05:00,103:INFO:Data loaded successfully.
2025-02-18 21:05:00,103:INFO:Train Columns: ['gender', 'race_ethnicity', 'parental_level_of_education', 'lunch', 'test_preparation_course', 'math_score', 'reading_score', 'writing_score']
2025-02-18 21:05:00,103:INFO:Test Columns: ['gender', 'race_ethnicity', 'parental_level_of_education', 'lunch', 'test_preparation_course', 'math_score', 'reading_score', 'writing_score']
2025-02-18 21:05:00,119:INFO:Numerical columns transformation completed.
2025-02-18 21:05:00,119:INFO:Categorical columns encoding completed.
2025-02-18 21:05:00,150:INFO:Data transformation completed successfully.
2025-02-18 21:05:00,150:INFO:Splitting the data into features and target
2025-02-18 21:10:52,782:ERROR:Error in model training: Error occurred in script: c:\users\garv khurana\onedrive\desktop\end_to_end 2\src\utils.py at line 30 - [21:10:52] C:\buildkite-agent\builds\buildkite-windows-cpu-autoscaling-group-i-08cbc0333d8d4aae1-1\xgboost\xgboost-ci-windows\src\data\array_interface.cu:44: Check failed: err == cudaGetLastError() (0 vs. 2) : 
2025-02-18 21:11:17,760:INFO:Entered the data ingestion method or component
2025-02-18 21:11:17,782:INFO:Data read successfully
2025-02-18 21:11:17,790:INFO:Raw data saved successfully
2025-02-18 21:11:17,792:INFO:Train-test split done successfully
2025-02-18 21:11:17,797:INFO:Train data saved successfully
2025-02-18 21:11:17,800:INFO:Test data saved successfully
2025-02-18 21:11:17,834:INFO:Data loaded successfully.
2025-02-18 21:11:17,835:INFO:Train Columns: ['gender', 'race_ethnicity', 'parental_level_of_education', 'lunch', 'test_preparation_course', 'math_score', 'reading_score', 'writing_score']
2025-02-18 21:11:17,835:INFO:Test Columns: ['gender', 'race_ethnicity', 'parental_level_of_education', 'lunch', 'test_preparation_course', 'math_score', 'reading_score', 'writing_score']
2025-02-18 21:11:17,837:INFO:Numerical columns transformation completed.
2025-02-18 21:11:17,837:INFO:Categorical columns encoding completed.
2025-02-18 21:11:17,876:INFO:Data transformation completed successfully.
2025-02-18 21:11:17,876:INFO:Splitting the data into features and target
2025-02-18 21:16:34,792:INFO:Entered the data ingestion method or component
2025-02-18 21:16:34,816:INFO:Data read successfully
2025-02-18 21:16:34,827:INFO:Raw data saved successfully
2025-02-18 21:16:34,830:INFO:Train-test split done successfully
2025-02-18 21:16:34,836:INFO:Train data saved successfully
2025-02-18 21:16:34,839:INFO:Test data saved successfully
2025-02-18 21:16:34,883:INFO:Data loaded successfully.
2025-02-18 21:16:34,883:INFO:Train Columns: ['gender', 'race_ethnicity', 'parental_level_of_education', 'lunch', 'test_preparation_course', 'math_score', 'reading_score', 'writing_score']
2025-02-18 21:16:34,883:INFO:Test Columns: ['gender', 'race_ethnicity', 'parental_level_of_education', 'lunch', 'test_preparation_course', 'math_score', 'reading_score', 'writing_score']
2025-02-18 21:16:34,886:INFO:Numerical columns transformation completed.
2025-02-18 21:16:34,886:INFO:Categorical columns encoding completed.
2025-02-18 21:16:34,929:INFO:Data transformation completed successfully.
2025-02-18 21:16:34,929:INFO:Splitting the data into features and target
2025-02-18 21:17:35,782:INFO:Best model found: Linear Regression with R² = 0.8804332983749565
2025-02-18 21:17:57,267:INFO:Entered the data ingestion method or component
2025-02-18 21:17:57,287:INFO:Data read successfully
2025-02-18 21:17:57,299:INFO:Raw data saved successfully
2025-02-18 21:17:57,301:INFO:Train-test split done successfully
2025-02-18 21:17:57,309:INFO:Train data saved successfully
2025-02-18 21:17:57,312:INFO:Test data saved successfully
2025-02-18 21:17:57,346:INFO:Data loaded successfully.
2025-02-18 21:17:57,346:INFO:Train Columns: ['gender', 'race_ethnicity', 'parental_level_of_education', 'lunch', 'test_preparation_course', 'math_score', 'reading_score', 'writing_score']
2025-02-18 21:17:57,346:INFO:Test Columns: ['gender', 'race_ethnicity', 'parental_level_of_education', 'lunch', 'test_preparation_course', 'math_score', 'reading_score', 'writing_score']
2025-02-18 21:17:57,348:INFO:Numerical columns transformation completed.
2025-02-18 21:17:57,348:INFO:Categorical columns encoding completed.
2025-02-18 21:17:57,387:INFO:Data transformation completed successfully.
2025-02-18 21:17:57,387:INFO:Splitting the data into features and target
2025-02-18 21:18:56,991:ERROR:Error in model training: Error occurred in script: c:\users\garv khurana\onedrive\desktop\end_to_end 2\src\utils.py at line 30 - [21:18:53] C:\buildkite-agent\builds\buildkite-windows-cpu-autoscaling-group-i-08cbc0333d8d4aae1-1\xgboost\xgboost-ci-windows\src\data\array_interface.cu:44: Check failed: err == cudaGetLastError() (0 vs. 2) : 
2025-02-18 21:19:04,206:INFO:Entered the data ingestion method or component
2025-02-18 21:19:04,230:INFO:Data read successfully
2025-02-18 21:19:04,239:INFO:Raw data saved successfully
2025-02-18 21:19:04,241:INFO:Train-test split done successfully
2025-02-18 21:19:04,248:INFO:Train data saved successfully
2025-02-18 21:19:04,251:INFO:Test data saved successfully
2025-02-18 21:19:04,291:INFO:Data loaded successfully.
2025-02-18 21:19:04,292:INFO:Train Columns: ['gender', 'race_ethnicity', 'parental_level_of_education', 'lunch', 'test_preparation_course', 'math_score', 'reading_score', 'writing_score']
2025-02-18 21:19:04,292:INFO:Test Columns: ['gender', 'race_ethnicity', 'parental_level_of_education', 'lunch', 'test_preparation_course', 'math_score', 'reading_score', 'writing_score']
2025-02-18 21:19:04,294:INFO:Numerical columns transformation completed.
2025-02-18 21:19:04,294:INFO:Categorical columns encoding completed.
2025-02-18 21:19:04,335:INFO:Data transformation completed successfully.
2025-02-18 21:19:04,335:INFO:Splitting the data into features and target
2025-02-18 21:19:45,536:ERROR:Error in model training: Error occurred in script: c:\users\garv khurana\onedrive\desktop\end_to_end 2\src\utils.py at line 30 - A task has failed to un-serialize. Please ensure that the arguments of the function are all picklable.
2025-02-18 21:20:29,226:INFO:Entered the data ingestion method or component
2025-02-18 21:20:29,247:INFO:Data read successfully
2025-02-18 21:20:29,255:INFO:Raw data saved successfully
2025-02-18 21:20:29,259:INFO:Train-test split done successfully
2025-02-18 21:20:29,264:INFO:Train data saved successfully
2025-02-18 21:20:29,267:INFO:Test data saved successfully
2025-02-18 21:20:29,299:INFO:Data loaded successfully.
2025-02-18 21:20:29,299:INFO:Train Columns: ['gender', 'race_ethnicity', 'parental_level_of_education', 'lunch', 'test_preparation_course', 'math_score', 'reading_score', 'writing_score']
2025-02-18 21:20:29,299:INFO:Test Columns: ['gender', 'race_ethnicity', 'parental_level_of_education', 'lunch', 'test_preparation_course', 'math_score', 'reading_score', 'writing_score']
2025-02-18 21:20:29,301:INFO:Numerical columns transformation completed.
2025-02-18 21:20:29,301:INFO:Categorical columns encoding completed.
2025-02-18 21:20:29,337:INFO:Data transformation completed successfully.
2025-02-18 21:20:29,337:INFO:Splitting the data into features and target
2025-02-18 21:20:29,338:ERROR:Error in model training: evaluate_model() missing 1 required positional argument: 'params'
2025-02-18 21:22:18,350:INFO:Entered the data ingestion method or component
2025-02-18 21:22:18,377:INFO:Data read successfully
2025-02-18 21:22:18,389:INFO:Raw data saved successfully
2025-02-18 21:22:18,393:INFO:Train-test split done successfully
2025-02-18 21:22:18,397:INFO:Train data saved successfully
2025-02-18 21:22:18,402:INFO:Test data saved successfully
2025-02-18 21:22:18,443:INFO:Data loaded successfully.
2025-02-18 21:22:18,443:INFO:Train Columns: ['gender', 'race_ethnicity', 'parental_level_of_education', 'lunch', 'test_preparation_course', 'math_score', 'reading_score', 'writing_score']
2025-02-18 21:22:18,444:INFO:Test Columns: ['gender', 'race_ethnicity', 'parental_level_of_education', 'lunch', 'test_preparation_course', 'math_score', 'reading_score', 'writing_score']
2025-02-18 21:22:18,446:INFO:Numerical columns transformation completed.
2025-02-18 21:22:18,446:INFO:Categorical columns encoding completed.
2025-02-18 21:22:18,497:INFO:Data transformation completed successfully.
2025-02-18 21:22:18,497:INFO:Splitting the data into features and target
2025-02-18 21:22:18,498:ERROR:Error in model training: evaluate_model() missing 1 required positional argument: 'params'
2025-02-18 21:22:30,776:INFO:Entered the data ingestion method or component
2025-02-18 21:22:30,801:INFO:Data read successfully
2025-02-18 21:22:30,809:INFO:Raw data saved successfully
2025-02-18 21:22:30,815:INFO:Train-test split done successfully
2025-02-18 21:22:30,821:INFO:Train data saved successfully
2025-02-18 21:22:30,824:INFO:Test data saved successfully
2025-02-18 21:22:30,869:INFO:Data loaded successfully.
2025-02-18 21:22:30,869:INFO:Train Columns: ['gender', 'race_ethnicity', 'parental_level_of_education', 'lunch', 'test_preparation_course', 'math_score', 'reading_score', 'writing_score']
2025-02-18 21:22:30,869:INFO:Test Columns: ['gender', 'race_ethnicity', 'parental_level_of_education', 'lunch', 'test_preparation_course', 'math_score', 'reading_score', 'writing_score']
2025-02-18 21:22:30,871:INFO:Numerical columns transformation completed.
2025-02-18 21:22:30,871:INFO:Categorical columns encoding completed.
2025-02-18 21:22:30,911:INFO:Data transformation completed successfully.
2025-02-18 21:22:30,911:INFO:Splitting the data into features and target
2025-02-18 21:22:35,039:INFO:Best model found: Linear Regression with R² = 0.8804332983749565
